<?xml version="1.0" encoding="UTF-8" ?>
<testsuite tests="1" failures="0" name="org.crud.dao.UserDaoTest" time="0.134" errors="1" skipped="0">
  <properties>
[...]
</properties>
  <testcase classname="org.crud.dao.UserDaoTest" name="testAdd" time="0.134">
    <error message="failed to lazily initialize a collection of role: org.crud.entity.Role.users, could not initialize proxy - no Session" type="org.hibernate.LazyInitializationException">org.hibernate.LazyInitializationException: failed to lazily initialize a collection of role: org.crud.entity.Role.users, could not initialize proxy - no Session
	at org.hibernate.collection.internal.AbstractPersistentCollection.throwLazyInitializationException(AbstractPersistentCollection.java:575)
	at org.hibernate.collection.internal.AbstractPersistentCollection.withTemporarySessionIfNeeded(AbstractPersistentCollection.java:214)
	at org.hibernate.collection.internal.AbstractPersistentCollection.readSize(AbstractPersistentCollection.java:155)
	at org.hibernate.collection.internal.PersistentSet.size(PersistentSet.java:160)
	at java.util.AbstractSet.equals(AbstractSet.java:92)
	at org.hibernate.collection.internal.PersistentSet.equals(PersistentSet.java:441)
	at org.crud.entity.Role.equals(Role.java:94)
	at org.crud.dao.UserDaoTest.testAdd(UserDaoTest.java:34)
	at sun.reflect.NativeMethodAccessorImpl.invoke0(Native Method)
	at sun.reflect.NativeMethodAccessorImpl.invoke(NativeMethodAccessorImpl.java:62)
	at sun.reflect.DelegatingMethodAccessorImpl.invoke(DelegatingMethodAccessorImpl.java:43)
	at java.lang.reflect.Method.invoke(Method.java:483)
	at org.junit.runners.model.FrameworkMethod$1.runReflectiveCall(FrameworkMethod.java:50)
	at org.junit.internal.runners.model.ReflectiveCallable.run(ReflectiveCallable.java:12)
	at org.junit.runners.model.FrameworkMethod.invokeExplosively(FrameworkMethod.java:47)
	at org.junit.internal.runners.statements.InvokeMethod.evaluate(InvokeMethod.java:17)
	at org.junit.internal.runners.statements.RunBefores.evaluate(RunBefores.java:26)
	at org.springframework.test.context.junit4.statements.RunBeforeTestMethodCallbacks.evaluate(RunBeforeTestMethodCallbacks.java:73)
	at org.springframework.test.context.junit4.statements.RunAfterTestMethodCallbacks.evaluate(RunAfterTestMethodCallbacks.java:82)
	at org.springframework.test.context.junit4.statements.SpringRepeat.evaluate(SpringRepeat.java:73)
	at org.junit.runners.ParentRunner.runLeaf(ParentRunner.java:325)
	at org.springframework.test.context.junit4.SpringJUnit4ClassRunner.runChild(SpringJUnit4ClassRunner.java:224)
	at org.springframework.test.context.junit4.SpringJUnit4ClassRunner.runChild(SpringJUnit4ClassRunner.java:83)
	at org.junit.runners.ParentRunner$3.run(ParentRunner.java:290)
	at org.junit.runners.ParentRunner$1.schedule(ParentRunner.java:71)
	at org.junit.runners.ParentRunner.runChildren(ParentRunner.java:288)
	at org.junit.runners.ParentRunner.access$000(ParentRunner.java:58)
	at org.junit.runners.ParentRunner$2.evaluate(ParentRunner.java:268)
	at org.springframework.test.context.junit4.statements.RunBeforeTestClassCallbacks.evaluate(RunBeforeTestClassCallbacks.java:61)
	at org.springframework.test.context.junit4.statements.RunAfterTestClassCallbacks.evaluate(RunAfterTestClassCallbacks.java:68)
	at org.junit.runners.ParentRunner.run(ParentRunner.java:363)
	at org.springframework.test.context.junit4.SpringJUnit4ClassRunner.run(SpringJUnit4ClassRunner.java:163)
	at org.apache.maven.surefire.junit4.JUnit4Provider.execute(JUnit4Provider.java:252)
	at org.apache.maven.surefire.junit4.JUnit4Provider.executeTestSet(JUnit4Provider.java:141)
	at org.apache.maven.surefire.junit4.JUnit4Provider.invoke(JUnit4Provider.java:112)
	at sun.reflect.NativeMethodAccessorImpl.invoke0(Native Method)
	at sun.reflect.NativeMethodAccessorImpl.invoke(NativeMethodAccessorImpl.java:62)
	at sun.reflect.DelegatingMethodAccessorImpl.invoke(DelegatingMethodAccessorImpl.java:43)
	at java.lang.reflect.Method.invoke(Method.java:483)
	at org.apache.maven.surefire.util.ReflectionUtils.invokeMethodWithArray(ReflectionUtils.java:189)
	at org.apache.maven.surefire.booter.ProviderFactory$ProviderProxy.invoke(ProviderFactory.java:165)
	at org.apache.maven.surefire.booter.ProviderFactory.invokeProvider(ProviderFactory.java:85)
	at org.apache.maven.surefire.booter.ForkedBooter.runSuitesInProcess(ForkedBooter.java:115)
	at org.apache.maven.surefire.booter.ForkedBooter.main(ForkedBooter.java:75)
</error>
    <system-out>Hibernate: select this_.user_id as user_id1_6_0_, this_.banned as banned2_6_0_, this_.email as email3_6_0_, this_.first_name as first_na4_6_0_, this_.last_name as last_nam5_6_0_, this_.password as password6_6_0_, this_.reg_date as reg_date7_6_0_, this_.role_id as role_id8_6_0_ from user this_
Hibernate: select role0_.role_id as role_id1_4_0_, role0_.role_name as role_nam2_4_0_ from role role0_ where role0_.role_id=?
Hibernate: select users0_.role_id as role_id8_4_0_, users0_.user_id as user_id1_6_0_, users0_.user_id as user_id1_6_1_, users0_.banned as banned2_6_1_, users0_.email as email3_6_1_, users0_.first_name as first_na4_6_1_, users0_.last_name as last_nam5_6_1_, users0_.password as password6_6_1_, users0_.reg_date as reg_date7_6_1_, users0_.role_id as role_id8_6_1_ from user users0_ where users0_.role_id=?
Hibernate: insert into user (banned, email, first_name, last_name, password, reg_date, role_id) values (?, ?, ?, ?, ?, ?, ?)
Hibernate: select this_.user_id as user_id1_6_0_, this_.banned as banned2_6_0_, this_.email as email3_6_0_, this_.first_name as first_na4_6_0_, this_.last_name as last_nam5_6_0_, this_.password as password6_6_0_, this_.reg_date as reg_date7_6_0_, this_.role_id as role_id8_6_0_ from user this_
Hibernate: select role0_.role_id as role_id1_4_0_, role0_.role_name as role_nam2_4_0_ from role role0_ where role0_.role_id=?
Hibernate: select role0_.role_id as role_id1_4_0_, role0_.role_name as role_nam2_4_0_ from role role0_ where role0_.role_id=?
</system-out>
  </testcase>
</testsuite>